C51 COMPILER V9.60.7.0   TREX_GLCD                                                         05/27/2026 00:19:16 PAGE 1   


C51 COMPILER V9.60.7.0, COMPILATION OF MODULE TREX_GLCD
OBJECT MODULE PLACED IN .\Objects\tRex_glcd.obj
COMPILER INVOKED BY: D:\Keil_v5\C51\BIN\C51.EXE ..\..\..\..\..\pratica4-20260517T191259Z-3-001\pratica4\tRex_glcd.c OPTI
                    -MIZE(8,SPEED) BROWSE DEBUG OBJECTEXTEND PRINT(.\Listings\tRex_glcd.lst) TABS(2) OBJECT(.\Objects\tRex_glcd.obj)

line level    source

   1          #include <reg51.h>
   2          
   3          #define GlcdDataBus P3  
   4          sbit rs  = P2^0;
   5          sbit rw  = P2^1;
   6          sbit en  = P2^2;
   7          sbit psb = P2^3; 
   8          sbit rst = P2^5; 
   9          
  10          sbit row_button = P0^2;
  11          sbit col_button = P0^5;
  12          
  13          char jump = 0;
  14          char jump_phase = 0;
  15          char prev_btn = 0;
  16          char counter = 0;
  17          char next_obstacle = 0; 
  18          
  19          unsigned int score = 0;
  20          unsigned int next_level = 50; 
  21          char speed = 20;
  22          
  23          
  24          void delay(unsigned int count){
  25   1          int i, j;
  26   1          for(i=0; i<count; i++)
  27   1              for(j=0; j<112; j++);
  28   1      }
  29          
  30          void GLCD_Command(char cmnd) {
  31   1          rs = 0;             
  32   1          rw = 0;             
  33   1          GlcdDataBus = cmnd; 
  34   1          en = 1;             
  35   1          delay(1);
  36   1          en = 0;
  37   1          delay(2);
  38   1      }
  39          
  40          void GLCD_Char(char char_data) {  
  41   1          rs = 1;            
  42   1          rw = 0;            
  43   1          GlcdDataBus = char_data; 
  44   1          en = 1;             
  45   1          delay(1);
  46   1          en = 0;
  47   1          delay(2);  
  48   1      }
  49          
  50          void GLCD_String(char *str) {
  51   1          int i;
  52   1          for(i=0; str[i]!=0; i++) 
  53   1          {
  54   2              GLCD_Char(str[i]);   
C51 COMPILER V9.60.7.0   TREX_GLCD                                                         05/27/2026 00:19:16 PAGE 2   

  55   2          }
  56   1      }
  57          
  58          void GLCD_String_xy(char row, char pos, char *str) {
  59   1          if (row == 0)
  60   1              GLCD_Command((pos & 0x0F) | 0x80);
  61   1          else if (row == 1)
  62   1              GLCD_Command((pos & 0x0F) | 0x90);
  63   1          
  64   1          GLCD_String(str);         
  65   1      }
  66          
  67          void GLCD_Init(void) {
  68   1          psb = 1;
  69   1          rst = 0;
  70   1          delay(20);               
  71   1          rst = 1;
  72   1          GLCD_Command(0x30);       
  73   1          GLCD_Command(0x0C);      
  74   1          GLCD_Command(0x06);       
  75   1          GLCD_Command(0x01);  
  76   1      }
  77          
  78          //CODIGO DO JOGO T-REX
  79          char read_button(){
  80   1          col_button = 1; 
  81   1          row_button = 0;
  82   1          
  83   1          if(col_button == 0){
  84   2            row_button = 1;
  85   2            return 1;
  86   2          }
  87   1          
  88   1          row_button = 1;
  89   1          return 0;
  90   1      }
  91          
  92          // Personagem
  93          unsigned char code dino[32] = {
  94              0x00, 0x00, 0x01,0xF8, 0x01, 0xFC, 0x01,0xFF, 0x01,0xF8, 0x01,0xFC, 0x07,
  95              0xFF, 0x0F,0xFF, 0x1F,0xFF, 0x1F,0xFC, 0x0F,0xE0, 0x07,0xC0, 0x06,0xC0, 
  96              0x04,0xC0, 0x04,0xC0, 0x0C,0x18
  97          };
  98          
  99          // Cacto
 100          unsigned char code cacto[32] = {
 101              0x00,0x00, 0x01,0x80, 0x01,0x80, 0x01,0x81, 0x21,0x81, 0x21,0x81, 
 102              0x21,0xC1, 0x31,0xC3, 0x3F,0xCF, 0x3F,0xCE, 0x01,0x80, 0x01,0x80, 
 103              0x01,0x80, 0x01,0x80, 0x01,0x80, 0x01,0x80
 104          };
 105          
 106          // Ave
 107          unsigned char code ave[32] = {
 108              0x00,0x00, 0x00,0x00, 0x00,0x00, 0x00,0x08, 0x00,0x1C, 0x00,0x3E, 
 109              0x18,0x7F, 0x3F,0xFF,0x3F,0xFF, 0x18,0x7E, 0x00,0x1C, 0x00,0x00, 
 110              0x00,0x00, 0x00,0x00, 0x00,0x00, 0x00,0x00
 111          };
 112          
 113          struct obstacle{
 114            signed char x;
 115            char type;
 116            char height;
C51 COMPILER V9.60.7.0   TREX_GLCD                                                         05/27/2026 00:19:16 PAGE 3   

 117          };
 118          
 119          struct obstacle obstacles[2] = {
 120              {-1, 0, 1}, 
 121              {-1, 0, 1}
 122          };
 123          char min_distance = 0;
 124          
 125          void load_custom_char(){  
 126   1          int i;
 127   1        
 128   1          GLCD_Command(0x40);
 129   1          for (i = 0; i < 32; i++){
 130   2              GLCD_Char(dino[i]);
 131   2          }
 132   1          
 133   1          GLCD_Command(0x50); 
 134   1          for (i = 0; i < 32; i++){ 
 135   2            GLCD_Char(cacto[i]);
 136   2          }
 137   1          
 138   1          GLCD_Command(0x60); 
 139   1          for (i = 0; i < 32; i++){ 
 140   2            GLCD_Char(ave[i]);
 141   2          }
 142   1      }
 143          
 144          void check_new_obstacle() {
 145   1          int i;
 146   1        
 147   1          if(min_distance > 0) {
 148   2              min_distance--;
 149   2              return;
 150   2          }
 151   1      
 152   1          for(i = 0; i < 2; i++) {
 153   2              if(obstacles[i].x < 0) { 
 154   3                  obstacles[i].x = 7; 
 155   3                  
 156   3                  // Alterna entre cacto e ave
 157   3                  if(next_obstacle == 1) {
 158   4                      obstacles[i].type = 1;   // ave
 159   4                      obstacles[i].height = 0; 
 160   4                      next_obstacle = 0;    
 161   4                  } else {
 162   4                      obstacles[i].type = 0;   // cacto
 163   4                      obstacles[i].height = 1;
 164   4                      next_obstacle = 1;    
 165   4                  }
 166   3                  
 167   3                  min_distance = 3; 
 168   3                  break;
 169   3              }
 170   2          }
 171   1      }
 172          
 173          void draw_obstacles() {
 174   1          int i; 
 175   1          char line;
 176   1        
 177   1          for(i = 0; i < 2; i++) {
 178   2              if(obstacles[i].x >= 0) {
C51 COMPILER V9.60.7.0   TREX_GLCD                                                         05/27/2026 00:19:16 PAGE 4   

 179   3                  line = (obstacles[i].height == 1) ? 0x90 : 0x80;            
 180   3                  GLCD_Command(line + obstacles[i].x);
 181   3                  
 182   3                  //desenha obstaculo
 183   3                  GLCD_Char(0x00);
 184   3                  if(obstacles[i].type == 0){
 185   4                    GLCD_Char(0x02); //cacto
 186   4                  } else {
 187   4                    GLCD_Char(0x04); //ave
 188   4                  }
 189   3                  
 190   3                  if(obstacles[i].x < 7){
 191   4                    GLCD_Char(0x20); 
 192   4                    GLCD_Char(0x20); 
 193   4                  }
 194   3              }
 195   2          }
 196   1      }
 197          
 198          void update_obstacles() {
 199   1          int i; 
 200   1          char line;
 201   1        
 202   1          for(i = 0; i < 2; i++) {
 203   2              if(obstacles[i].x >= 0) { 
 204   3                  obstacles[i].x--; 
 205   3                  
 206   3                  if(obstacles[i].x < 0) {
 207   4                      line = (obstacles[i].height == 1) ? 0x90 : 0x80;
 208   4                      GLCD_Command(line); 
 209   4                      GLCD_Char(0x20); 
 210   4                      GLCD_Char(0x20); 
 211   4                  }
 212   3              }
 213   2          }
 214   1      }
 215          
 216          void draw_dino(char height) {
 217   1          if(height > 0) { 
 218   2              GLCD_Command(0x90); 
 219   2              GLCD_Char(0x20); 
 220   2              GLCD_Char(0x20);
 221   2              GLCD_Command(0x80);      
 222   2              GLCD_Char(0x00);  
 223   2              GLCD_Char(0x00); 
 224   2          } 
 225   1          else { 
 226   2              GLCD_Command(0x90); 
 227   2              GLCD_Char(0x20); 
 228   2              GLCD_Char(0x20);
 229   2              GLCD_Command(0x90);       
 230   2              GLCD_Char(0); 
 231   2              GLCD_Char(0x00);  
 232   2              GLCD_Char(0x00); 
 233   2          }
 234   1      }
 235          
 236          void draw_status() {
 237   1          char buf[6];
 238   1          
 239   1          //converte o numero do score em caracteres
 240   1          buf[0] = (score / 100) % 10 + '0';
C51 COMPILER V9.60.7.0   TREX_GLCD                                                         05/27/2026 00:19:16 PAGE 5   

 241   1          buf[1] = (score / 10) % 10 + '0';
 242   1          buf[2] = (score % 10) + '0';
 243   1          buf[3] = '\0';
 244   1      
 245   1          GLCD_Command(0x85);
 246   1          GLCD_String(buf);
 247   1      }
 248          
 249          void main()
 250          {
 251   1          char btn;
 252   1          char height_dino;
 253   1          int time;
 254   1        
 255   1          GLCD_Init();              
 256   1          load_custom_char(); 
 257   1        
 258   1          draw_dino(0);
 259   1          while(1) {
 260   2              counter++;
 261   2              
 262   2              //pontuacao
 263   2              if(btn == 1 && prev_btn == 1) {
 264   3                  if(score > 0){
 265   4                    score--;
 266   4                  }
 267   3              } else {
 268   3                  score++;
 269   3              }
 270   2              
 271   2              //speed
 272   2              if(score >= next_level) {
 273   3                  speed = speed / 2; 
 274   3                  next_level = next_level + 50; 
 275   3              }
 276   2      
 277   2              //jump
 278   2              if(btn == 1 && prev_btn == 0 && jump == 0) { 
 279   3                  jump = 1; 
 280   3                  jump_phase = 0; 
 281   3              }
 282   2              prev_btn = btn; 
 283   2              
 284   2              //movimentacao
 285   2              check_new_obstacle();
 286   2              update_obstacles();
 287   2              
 288   2              if(jump) {
 289   3                  draw_dino(1); 
 290   3                  height_dino = 0; 
 291   3                  jump_phase++;
 292   3                  if(jump_phase > 4) { jump = 0; jump_phase = 0; }
 293   3              } else {
 294   3                  draw_dino(0); 
 295   3                  height_dino = 1;
 296   3              }       
 297   2              
 298   2              draw_obstacles();
 299   2              draw_status(); 
 300   2              
 301   2              //colisao
 302   2              if ((obstacles[0].x == 0 && obstacles[0].height == height_dino) || 
C51 COMPILER V9.60.7.0   TREX_GLCD                                                         05/27/2026 00:19:16 PAGE 6   

 303   2                  (obstacles[1].x == 0 && obstacles[1].height == height_dino)) {
 304   3                  
 305   3                  delay(200); 
 306   3                  GLCD_Command(0x01); 
 307   3                  GLCD_String_xy(0, 3, "GAME OVER!"); 
 308   3                  while(1); 
 309   3              }
 310   2              
 311   2              btn = 0; 
 312   2              for(time = 0; time < speed; time++) {
 313   3                  if(read_button() == 1) btn = 1; 
 314   3                  delay(10);
 315   3              }
 316   2          }
 317   1      }
 318          
 319          


MODULE INFORMATION:   STATIC OVERLAYABLE
   CODE SIZE        =   1018    ----
   CONSTANT SIZE    =    107    ----
   XDATA SIZE       =   ----    ----
   PDATA SIZE       =   ----    ----
   DATA SIZE        =     17      22
   IDATA SIZE       =   ----    ----
   BIT SIZE         =   ----    ----
END OF MODULE INFORMATION.


C51 COMPILATION COMPLETE.  0 WARNING(S),  0 ERROR(S)
